<?xml version="1.0" encoding="UTF-8"?>
<testng-results ignored="0" total="1" passed="1" failed="0" skipped="0">
  <reporter-output>
  </reporter-output>
  <suite started-at="2023-05-12T21:47:01 IST" name="Suite" finished-at="2023-05-12T21:47:01 IST" duration-ms="215">
    <groups>
    </groups>
    <test started-at="2023-05-12T21:47:01 IST" name="Test" finished-at="2023-05-12T21:47:01 IST" duration-ms="215">
      <class name="SampleProject.SampleProject.SampleDemo">
        <test-method is-config="true" signature="m1()[pri:0, instance:SampleProject.SampleProject.SampleDemo@313ac989]" started-at="2023-05-12T21:47:01 IST" name="m1" finished-at="2023-05-12T21:47:01 IST" duration-ms="23" status="PASS">
          <reporter-output>
          </reporter-output>
        </test-method> <!-- m1 -->
        <test-method signature="m2()[pri:0, instance:SampleProject.SampleProject.SampleDemo@313ac989]" started-at="2023-05-12T21:47:01 IST" name="m2" finished-at="2023-05-12T21:47:01 IST" duration-ms="13" status="PASS">
          <reporter-output>
          </reporter-output>
        </test-method> <!-- m2 -->
        <test-method is-config="true" signature="m3()[pri:0, instance:SampleProject.SampleProject.SampleDemo@313ac989]" started-at="2023-05-12T21:47:01 IST" name="m3" finished-at="2023-05-12T21:47:01 IST" duration-ms="7" status="PASS">
          <reporter-output>
          </reporter-output>
        </test-method> <!-- m3 -->
      </class> <!-- SampleProject.SampleProject.SampleDemo -->
    </test> <!-- Test -->
  </suite> <!-- Suite -->
</testng-results>
